<t> new : `` so far no videos were used in the investigation , '' prosecutor says . </t> <t> new : prosecutor says he is not aware of any such video footage . </t> <t> new : a source says the video was recovered from a phone at the wreckage site . </t> <t> new : the ntsb is investigating the cause of the crash . </t>
<t> the formal accession was marked with a ceremony at the hague , in the netherlands . </t> <t> the icc opened a preliminary examination into the situation in palestinian territories . </t> <t> palestinians may be subject to counter-charges as well . </t>
<t> amnesty international alleges pakistan lifting a six-year moratorium on the execution of civilians . </t> <t> the report says the death penalty is a tool in its `` strike hard '' campaign against terrorism . </t> <t> it also highlights a marked increase in the number of people sentenced to death in 2014 . </t>
<t> <unk> <unk> : some 7,000 people were found guilty of a range of offenses linked to attacks in xinjiang . </t> <t> <unk> : the government has threatened to send thousands more death row prisoners to the gallows . </t>
<t> anne and margot frank died of typhus in a nazi concentration camp in 1945 . </t> <t> in 1944 , anne frank died at least a month earlier than previously thought . </t> <t> the sisters endured long hours at roll call , witnesses say . </t>
<t> the student was identified during an investigation by campus police . </t> <t> the incident is one of several racist events to affect college students . </t> <t> a noose was hung around the neck of a famous civil rights figure at the university of mississippi . </t>
<t> robert h. schuller was diagnosed with esophageal cancer in 2013 . </t> <t> he was born in a farmhouse without running water and longed to preach from his earliest days . </t> <t> schuller : `` my soul 's adventure with god '' </t>
<t> a stray pooch has used up at least three of her own after being hit by a car . </t> <t> the dog has been receiving care at the veterinary teaching hospital . </t>
<t> u.s. secretary of state john kerry has been in iran for more than a decade . </t> <t> he was nominated to be foreign minister by ahmadinejad 's successor in 1960 . </t> <t> analysts say he was recruited by the united states in 1960 . </t>
<t> bob barker handled the first price-guessing game of the show for 35 years before stepping down in 2007 . </t> <t> there was not host drew carey but another familiar face in charge of the proceedings . </t>
<t> trey -- a star on eastern high school 's basketball team -- was originally going to take his girlfriend to eastern 's prom . </t> <t> trina helson , a teacher at eastern , posted photos of trey and ellie on twitter that have gone viral . </t>
<t> andreas lubitz is the co-pilot of germanwings flight 9525 . </t> <t> he died in the crash along with 149 other crew and passengers . </t> <t> investigators are looking in whether lubitz feared a medical condition would cause him to lose his license . </t>
<t> california is a breadbasket to the nation , growing more than a third of its fruits and nuts . </t> <t> in 2014 , one expert predicted consumers would pay more for some groceries . </t> <t> fresh fruit prices are projected to rise between 2.5 % and 3.5 % . </t>
<t> walmart is emerging as a bellwether for shifting public opinion on political issues . </t> <t> some republicans are urging the party to `` be the party of sam 's club '' </t>
<t> five americans who were monitored for three weeks have been released . </t> <t> one of the five had a heart-related issue on saturday . </t> <t> none developed the deadly virus . </t>
<t> andrew getty , grandson of oil tycoon j. paul getty , appears to have died of natural causes . </t> <t> getty , 47 , was found on his side near a bathroom in his home . </t> <t> investigators do n't know whether getty was taking it or what his medical history was . </t>
<t> bloomberg published a story with the headline : mike pence , a koch favorite , mulls 2016 run for president . </t> <t> the group is backed by the koch brothers and supported gov. tax-slashing 's tax-slashing budget . </t> <t> pence is drawing heat for his decision to sign a religious freedom law last week . </t>
<t> maysak gained super typhoon status thanks to its sustained 150 mph winds . </t> <t> it has lost a lot of steam as it has spun west in the pacific ocean . </t>
<t> new : jordan 's father says he was expecting his son to look different . </t> <t> new : `` he was moving , walking around , waving to us and in surprisingly good condition , '' he says . </t> <t> new : the boat capsized two more times before he was rescued . </t>
<t> paul walker 's death was especially eerie given his rise to fame in the `` fast and furious '' film franchise . </t> <t> the actor was on break from filming `` furious 7 '' at the time of the accident . </t>
<t> aaron miller : u.s. and its partners reached a strong framework agreement with iran in lausanne . </t> <t> he says debate has begun since announcement of new framework will likely result in more heat than light . </t> <t> he says iran 's nuclear program is a covert weapons program . </t>
<t> `` the star-spangled banner '' comes from 1969 to 1991 . </t> <t> roseanne barr may have established the low-water mark . </t> <t> bolton belts out , but there 's one little problem . </t>
<t> yahya rashid was detained at luton airport after he arrived on a flight from istanbul . </t> <t> he 's been charged with engaging in conduct with the intention of assisting others to commit acts of terrorism . </t>
<t> sky watchers in western north america are in for a treat : a nearly five-minute lunar eclipse . </t> <t> the total eclipse will last four minutes and 43 seconds , and nasa says that makes it the shortest one of the century . </t>
<t> the family-run restaurant finds itself at the center of the debate over the religious freedom act . </t> <t> critics say the law would allow businesses to discriminate against gays and lesbians . </t>
<t> ang lee 's `` life of pi '' was found dead in a remote sea in hawaii . </t> <t> he was rescued by a u.s. coast guard and survived . </t> <t> he says he and his wife survived and survived . </t>
<t> the ban will be lifted for some events in the next year , deputy sports minister says . </t> <t> it is n't clear which games women will be able to attend . </t>
<t> new : netanyahu says he sees better options than `` this bad deal or war '' </t> <t> new : democrats and republicans criticize the deal six world powers . </t> <t> netanyahu says it was better than the alternatives . </t>
<t> former heavyweight boxer mike tyson sold the house in 1999 ; it 's due to become , of all things , a church . </t> <t> camerota camerota : `` i saw the plane heading down along the valley and i said my god , it 's going to hit the mountain '' </t>
<t> meg urry : easter is a cornerstone event in the christian faith , but it 's surrounded by trappings . </t> <t> she says easter has picked up its tree , ornaments and santa claus . </t> <t> she says it 's a journey from the vatican to the holy land , around the moon and the earth 's tilting . </t>
<t> police in malegaon , maharashtra , are requiring identity cards for unusual group of residents . </t> <t> residents have to give information about their ` unique features ' such as the coloring and age of the cow . </t>
<t> two new york women were arrested this week on terror charges . </t> <t> keonna thomas , 30 , also known as `` young lioness '' and `` fatayat al khilafah '' </t> <t> thomas purchased an electronic visa to turkey on march 23 . </t> <t> she could be sentenced to 15 years in prison . </t>
<t> <unk> <unk> : going online has become the path of least resistance if you want to make yourself heard . </t> <t> <unk> : it is not unique to asia , but it might seem more pronounced if you live there . </t>
<t> robert lewis burns jr. , 64 , died after his car hit a mailbox and a tree in cartersville , georgia . </t> <t> he was not involved in the 1977 plane crash that killed three members . </t>
<t> avril lavigne is releasing a new single this month to support the 2015 special olympics . </t> <t> she has revealed she was bedridden for five months after contracting lyme disease . </t>
<t> two agents were injured in a crash in forsyth county , georgia . </t> <t> fbi agents and task force officers were following 36-year-old kevone charleston . </t> <t> charleston is suspected of involvement in 32 commercial robberies dating to november 2013 . </t>
<t> the ncaa says it has no legal responsibility to make sure athletes are delivered . </t> <t> the ncaa is taking a very different position in response to a lawsuit filed by former university of north carolina athletes . </t>
<t> the lhc generates up to 600 million particles per second , with a beam for 10 hours . </t> <t> the purpose of the project is to recreate the conditions that existed after the big bang . </t> <t> the lhc could also question the idea that the universe is only made of matter . </t>
<t> fighting has killed hundreds of people in less than two weeks , yemeni officials say . </t> <t> many fear they will lose access to clean water as well . </t> <t> yemen 's president is holed up in saudi arabia , which is working to defeat his enemies . </t>
<t> 20 states have some version of the religious liberty law , experts say . </t> <t> the federal government is `` substantially burdening '' a person 's exercise of religion . </t> <t> a federal fish and wildlife service agent says the law violates religious traditions . </t>
<t> <unk> <unk> : al-shabaab has been behind a string of recent attacks in kenya . </t> <t> <unk> : al-shabaab is driven by the same interpretation of the koran as al-qaeda and isis . </t>
<t> the 17-year-old is in remission after nearly six months of chemo treatments . </t> <t> she was diagnosed with hodgkin lymphoma in september . </t> <t> the judge also denied a motion to let the teen go home because she was no longer at imminent risk . </t>
<t> mark ronson 's `` uptown funk ! '' is the longest-leading billboard hot 100 of the 2010s . </t> <t> natalie la rose reaches the top 10 with her debut hit `` somebody , '' featuring jeremih . </t> <t> pharrell williams also becomes one of an elite 10 singles ever to top the hot 100 for at least 13 weeks . </t>
<t> thai airways unveiled new livery featuring jake , finn and the beloved princess bubblegum . </t> <t> the adventure time plane is the result of a partnership between thai airways smile and cartoon network amazone . </t>
<t> a high temperature of 63.5 degrees fahrenheit might sound like a pleasant day in early spring . </t> <t> the temperature was recorded at argentina 's esperanza base on the northern tip of the antarctica . </t>
<t> kim ki-jong has been charged with assaulting a foreign envoy and business obstruction . </t> <t> lippert was stabbed march 5 during an event organized by the korean council for reconciliation . </t> <t> he also suffered five cuts in his left arm and hand , but was not expected to have permanent damage . </t> <t> south korean president park geun-hye condemns the attack . </t>
<t> aaron miller : obama 's legacy in foreign policy are intertwined with reaching an accord with iran . </t> <t> miller : iran is running circles around the united states and will do the same . </t>
<t> deion sanders is a wide receiver at southern methodist university . </t> <t> he has gone on record with his love for `` hood doughnuts '' or `` a place in the hood '' </t>
<t> public health officials warn consumers not to eat any blue bell ice cream products . </t> <t> listeria monocytogenes was recently found in a cup of ice cream in april 2014 . </t>
<t> rurik jutting , 29 , charged with two counts of murder in hong kong . </t> <t> one woman was lying on the floor with cuts to her neck and buttocks . </t> <t> another was stuffed inside a suitcase on the balcony . </t> <t> her cousin describes her as `` just an ordinary woman from indonesia '' </t>
<t> `` furious 7 '' is getting the widest release in universal 's history . </t> <t> it has booked more than 10,500 screens in 63 territories . </t> <t> it will easily beat the $ 121.9 million launch of `` the hunger games : catching fire '' </t>
<t> chelsea manning is serving a 35-year prison sentence for leaking classified documents . </t> <t> she appears to have joined twitter this week . </t> <t> manning has authorized hormone therapy for her treatment . </t>
<t> danny cevallos : columbia journalism school professors were damaged by failure at rolling stone . </t> <t> he says uva , phi kappa psi or any of the other fraternities are false . </t> <t> he says the law of defamation must be balanced against the freedom of speech . </t>
<t> japan 's air self defense force has never encountered an unidentified flying object . </t> <t> former wrestler-turned-lawmaker antonio inoki says his jets had to date , never come across any ufos . </t> <t> inoki is the founder of the new japan pro wrestling organization . </t>
<t> the malaysian bomb maker was killed in an otherwise disastrous raid in the philippines . </t> <t> he was believed by the fbi to a member of asian terror group jemaah islamiyah 's central command . </t>
<t> japan 's ward office will be able to hold visitation rights in hospitals and co-sign tenancy agreements . </t> <t> proponents of marriage equality say the decision is a step in the right direction . </t>
<t> david lynch has confirmed he will no longer direct `` twin peaks '' </t> <t> the groundbreaking series is considered one of the most influential shows in television history . </t> <t> lynch broke the news about his departure in a series of tweets . </t>
<t> kentucky basketball player of the year apologized for `` poor choice of words '' </t> <t> andrew harrison said his words were `` in jest '' </t> <t> harrison said he wished kaminsky well in monday 's national title game against duke . </t>
<t> the blast occurred at an oil storage facility monday night . </t> <t> five out of six people were injured by broken glass . </t> <t> the plant was slated for xiamen -- a densely populated city in the southeast of the country . </t>
<t> paramedics were called to a rented villa at the sirenusa resort in st. john . </t> <t> the use of the pesticide is restricted in the united states because of its toxicity . </t>
<t> donna brazile : rand paul is running for president of the united states . </t> <t> brazile : paul has tried to sell himself as a different type of republican . </t> <t> brazile : he 's tried to brand himself as the minority outreach candidate . </t>
<t> danny cevallos : u.s. justice has named a new defendant in the war on drugs . </t> <t> he says it 's easier to prosecute than people , but it 's innocent . </t>
<t> bob greene : the `` end of an era '' has become part of the national fabric . </t> <t> he says it 's time & life building , but there 's a lot to do with weiner . </t> <t> he says the show 's founders have been together for years . </t>
<t> chris rock made light of racial disparities in police treatment of whites and blacks with a guide to not being beaten by the police . </t> <t> he posted similar photos in february . </t> <t> many african-americans have bemoaned the phenomenon of being pulled over for no apparent reason . </t>
<t> mark wahlberg is hoping to play boston police commissioner ed davis . </t> <t> the film will feature material researched and shot by cbs films ' corporate sibling . </t> <t> wahlberg is also a producer of the film `` patriots ' day '' </t>
<t> `` the price is right '' was n't supposed to happen . </t> <t> manuela arbelaez was mortified , attempting to hide behind the display . </t> <t> former host bob barker showed up to run his old show . </t>
<t> citizens used social media to share the victims ' stories , hopes and dreams . </t> <t> using the hashtag # 147notjustanumber , a reference to the number of people , mostly students . </t> <t> kenya killed 142 students , three security officers and two university security personnel . </t>
<t> investigators are not expected to return to the crash site , a police official says . </t> <t> the plane crashed march 24 in rugged terrain of the alps . </t> <t> the cockpit voice recorder was found days after the crash . </t>
<t> carlos colina was arraigned on charges of assault and battery causing serious bodily injury . </t> <t> police say a surveillance video led them to an apartment building , where more body parts were discovered . </t>
<t> american jennifer stewart says she was devastated to learn that etihad airways lost her most important baggage . </t> <t> the cat 's plastic carrier was badly damaged at some point either during the flight . </t> <t> etihad airways is investigating the incident and is working with ground handlers . </t>
<t> the hollywood mogul was interviewed on bill simmons ' podcast recently . </t> <t> netflix had no comment when asked to verify his statements . </t> <t> jason bateman , michael cera and will return for the season . </t>
<t> jay parini : easter is unique on the christian calendar , a major point in the cycle of the year . </t> <t> parini : it 's genuinely about how little people can operate in ways that affect our lives . </t>
<t> jesus told his twelve apostles to leave their day jobs and follow him on an itinerant mission . </t> <t> susan <unk> : money was a concern , and not just as an impediment to salvation . </t> <t> she says jesus was one of the most charged passages in the new testament . </t>
<t> massachusetts is hosting two of the highest-profile court trials in recent memory . </t> <t> mayor rahm emanuel and jesus `` chuy '' garcia will head to the polls in a very surprising runoff . </t>
<t> ted cruz is the only official contender in the race for the first time as a presidential candidate . </t> <t> he 's been running for president in iowa since 2004 . </t>
<t> nina dobrev will be leaving the cw show at the end of this season . </t> <t> many were upset that dobrev 's departure could sink hopes of seeing a satisfying denouement . </t>
<t> zhou yongkang , 72 , is charged with abuse of power and leaking state secrets . </t> <t> he was one of nine men who ruled the country of more than 1.3 billion people . </t> <t> prosecutors have accused zhou of taking advantage of his posts to seek benefits . </t>
<t> federal education minister smriti irani was visiting a fabindia outlet in goa . </t> <t> she discovered a surveillance camera overlooking the changing room of one of its stores . </t> <t> four employees of the store have been charged with voyeurism and breach of privacy . </t>
<t> the group included four children , the youngest born in 2013 , a turkish official says . </t> <t> it did n't say why the group allegedly was trying to get into syria , which has been torn by a four-year war . </t>
<t> kayahan acar was born in izmir province , in 1949 . </t> <t> he competed in the eurovision song contest and the year before he released it . </t> <t> he died friday in a hospital five days after his 66th birthday . </t>
<t> russia 's state-run news agency says insulation caught on fire as welding work . </t> <t> the fire began on a sub in the zvyozdochka shipyard in northwestern russia . </t> <t> no one has been injured . </t>
<t> the fire started in the platform 's dehydration and pumping area , pemex says . </t> <t> at least 10 boats worked to battle the blaze for hours . </t> <t> the state oil company has n't said what caused the fire . </t>
<t> television network tv5monde was regaining control of one of its 11 channels . </t> <t> tv5monde lost control of its social media outlets and its websites . </t> <t> it functions under a partnership among the governments of france , canada and switzerland . </t>
<t> two police officers and a security guard of the provincial attorney general 's office are among the dead . </t> <t> afghan security forces are cautiously making advances in the fight to avoid civilian casualties . </t>
<t> dzhokhar tsarnaev is eligible for the death penalty . </t> <t> he was 19 at the time of the bombing . </t> <t> the trial will next move into a penalty phase . </t>
<t> the blaze began shortly before 7 a.m. at the general electric appliance park in louisville . </t> <t> the park is large , such as 34 football fields could fit in one of its warehouses . </t>
<t> washington is `` not putting a timeframe on '' a possible invasion , a senior official says . </t> <t> mosul has long been the big prize in the iraqi government 's fight -- aided by a u.s.-led coalition . </t>
<t> pg&e is working to become the safest energy company in the united states . </t> <t> the $ 1.6 billion penalty will go to `` gas transmission pipeline safety improvements , '' the commission says . </t>
<t> new : `` i saw the top of the funnel cloud , and it was absolutely massive , '' she says . </t> <t> one person died as a twister shredded homes and most limbs remain standing . </t> <t> a video surfaced on youtube of a massive twister that touched down 70 miles outside of st. louis . </t>
<t> the video shows a dark object falling behind scott and hitting the ground . </t> <t> scott was charged with murder in the death of 50-year-old walter scott . </t> <t> if words were exchanged between the men , they 're not audible on the tape . </t>
<t> the miniature aircraft will be fitted with a camera and pepper spray for each drone costs between $ 9,560 and $ 19,300 . </t> <t> the country failed to enforce a law that would allow authorities to arrest people who post offensive material on social media . </t>
<t> xavier morales , a supervisor within the agency , made sexual advances at her , sources say . </t> <t> morales was placed on administrative leave and his security clearance was suspended . </t>
<t> richard dysart played coach in the original 1972 broadway production of `` l.a. law '' </t> <t> he was nominated for outstanding supporting actor in a drama series for four straight years . </t>
<t> donna brazile : fox 's `` the project '' looks likely to be renewed for the 2015-16 season . </t> <t> brazile : the show was a breakthrough for on-screen representation and starring a woman of color . </t>
<t> gene seymour : `` the next day i went to school in shock and guess what ? '' </t> <t> he says `` american pie '' was released in november , `` tapestry '' </t>
<t> anthony hinton , 58 , was convicted of murder in the 1985 deaths of two fast-food restaurant managers . </t> <t> he spoke of unjustly losing three decades of his life under fear of execution . </t> <t> a new trial was ordered in 2014 after the state 's motion to dismiss charges against him . </t>
<t> `` rex manning day '' is scheduled to make an in-store appearance . </t> <t> the sketch jack does of his beloved is dated april 14 , 1912 . </t> <t> it 's so fetch . </t>
<t> mary kay letourneau fualaau was a married teacher and mother of four in seattle . </t> <t> she was released from prison in 2005 and are now the parents of two teen girls . </t>
<t> the band will play with a new drummer , mike portnoy of adrenaline mob . </t> <t> portnoy replaces a.j. pero , who died march 20 . </t> <t> the latter is in support of pero 's family . </t>
<t> `` grace of monaco '' will premiere on lifetime on may 25 . </t> <t> the weinstein co. purchased u.s. distribution rights at the 2013 berlin film festival . </t> <t> the film was originally scheduled for release in late 2013 . </t>
<t> `` don mclean 's manuscript of ` american pie ' has become one of the most dissected and argued-about songs . </t> <t> the opening lines were inspired by the death of buddy holly , but it 's all been conjecture . </t>
<t> kanye west pleaded no contest last year to misdemeanor battery over the scuffle . </t> <t> the photographer tried to wrestle his camera from him in 2013 at los angeles international airport . </t> <t> ramos and his lawyer sought general and punitive damages in the civil suit . </t>
<t> john travolta is not a fan of hbo 's `` going clear : scientology and the prison of belief '' </t> <t> travolta said he believed the doc was a result of `` people who were disgruntled with their experiences '' </t>
<t> b.b. king , 89 , was hospitalized for dehydration , exhaustion . </t> <t> he was inducted into the rock and roll hall of fame in 1987 . </t> <t> some of his hits include `` the thrill is gone '' </t>
<t> `` i do n't believe that there will ever be justice brought to this , no mater if he does get the death penalty or he remains in prison for the rest of his life , '' she says . </t> <t> `` i 'm very thankful for each of the jury members that are making him do that , '' he says . </t>
<t> fujian bi , who works for state-run china central television , was caught on camera cursing the late chairman mao zedong . </t> <t> bi later apologized to the public , adhering to strict self-discipline . </t>
<t> three of the sightings were near aetna , 125 miles southwest of wichita . </t> <t> a tornado may have touched down in the small town of potosi , missouri . </t> <t> one instagram user posted a photo of a fallen tree . </t>
<t> katie 's hooves sticking out for several minutes in the midst of labor . </t> <t> there was no immediate word on the newborn 's gender or condition . </t> <t> the zoo describes her as the `` diva '' among a herd of 12 giraffes at the zoo . </t>
<t> `` game of thrones '' doug gross , a former cnn employee , has read the books . </t> <t> the show is set to end after seven years of war . </t>
<t> cuba has historically been the wrench in the diplomatic machinery , with some latin american leaders threatening not to attend the summit of the americas . </t> <t> diplomats from both countries began negotiations to establish embassies in havana and washington . </t>
<t> <unk> <unk> : president obama is giving up enormous leverage in his nuclear deal with iran . </t> <t> <unk> : obama has given tehran an easy exit . </t> <t> he says iran can maintain `` a mutually defined nuclear program '' </t>
<t> martin and jim webb share a stage at the polk county democrats awards . </t> <t> o'malley is a former mayor and maryland governor . </t> <t> o'malley is the first president in a presidential election . </t>
<t> new : `` the change will come , '' scott 's daughter says . </t> <t> scott was shot in the back by a police officer , police say . </t> <t> he was wounded in an apparent suicide . </t>
<t> new : the suspect is in extremely critical condition , police say . </t> <t> new : a guard apparently approached the vehicle and saw two people arguing . </t> <t> the suspect was shot at least once in the upper body . </t> <t> the chase ended in a crash on washington 's h street . </t>
<t> iranian military observation aircraft flew within 50 yards of u.s. navy helicopter . </t> <t> incident took place as u.s. and other world powers meet with iran in switzerland . </t> <t> iran has been active in supporting proxies in several hotspots in persian gulf . </t>
<t> liana barrientos , 39 , is facing two criminal counts of `` offering a false instrument for filing in the first degree '' </t> <t> she has been married 10 times , with nine of her marriages occurring between 1999 and 2002 . </t>
<t> a photo of a cat coming down some stairs has caught fire thanks to a post on imgur . </t> <t> there are advertisers waiting to take advantage of the situation . </t>
<t> david perry : pope francis seems to be living with such freedom . </t> <t> he says the vatican required catholic leaders to follow him . </t> <t> he says pope francis should not be able to see his brother . </t>
<t> mullah omar is `` still the leader '' of the self-declared islamic emirate of afghanistan . </t> <t> he is credited with founding the group in the early 1990s . </t> <t> the biography is aimed at dispelling rumors of omar 's demise . </t>
<t> amnesty international report examines persecution of women 's rights not only by taliban . </t> <t> the report is entitled `` their lives on the line '' in afghanistan . </t> <t> many syrians have been killed in afghanistan since 2001 . </t>
<t> nelly has been charged with felony possession of marijuana , possession of drug paraphernalia . </t> <t> the state trooper stopped the bus carrying nelly and five other people on interstate 40 . </t>
<t> `` star wars '' fans will get more than they bargained for when the saga comes to digital hd . </t> <t> some of the features will be the sound effects of the movies . </t>
<t> hillary clinton has watched her standing in the polls in recent months , says julian zelizer . </t> <t> zelizer : clinton has been through some of the roughest partisan wars . </t>
<t> martin o'malley says the democratic party is full of examples where people are not very well known . </t> <t> o'malley has scored in the low single digits in the state . </t> <t> he is planning to launch her presidential candidacy sunday through a video message on social media . </t>
<t> an indian software pioneer and nine others have been sentenced to seven years in jail . </t> <t> ramalinga computers services were at the center of a massive $ 1.6 billion fraud case . </t>
<t> sweden grants 480 calendar days of parental leave , with 390 of them paid at 80 % of income . </t> <t> the remaining 90 days are paid at a flat-rate benefit of 20 euros a day , or $ 22 . </t> <t> if the 60 daddy days are n't used , they are lost , reducing the maximum leave to 420 days . </t>
<t> craig hicks , 46 , was arrested february 10 in the deaths of three muslim college students . </t> <t> he is charged with three counts of first-degree murder and a count of discharging a firearm . </t>
<t> `` true detective '' premieres june 21 . </t> <t> colin farrell , rachel mcadams and taylor kitsch star in the new season . </t> <t> the first season starred matthew mcconaughey and woody harrelson . </t>
<t> more than 200 students signed petition asking school not to show `` american sniper '' </t> <t> bradley cooper was nominated for an oscar for his portrayal of chris kyle , a navy seal and the most lethal sniper in u.s. military history . </t>
<t> lauren hill , 19 , died at a ceremony honoring her life on the school 's campus . </t> <t> she was able to realize her dream of playing college basketball last year . </t> <t> `` it 's not often you get to celebrate a loss , '' he says . </t>
<t> carlos colina , 32 , will be arraigned april 14 for murder in connection with remains found in cambridge . </t> <t> colina was arraigned on charges of assault and battery . </t>
<t> the hawks were not involved in the stabbing incident , a club official says . </t> <t> the incident occurred just before 4 a.m. wednesday . </t> <t> the suspect , chris copeland , was arrested in connection with the incident . </t>
<t> ryan gosling 's first feature as director of `` lost river '' has been divisive . </t> <t> gosling says the city was at the heart of the project . </t> <t> gosling says he was inspired by `` not too far away '' </t>
<t> `` we regret the inconvenience ms. sedway experienced ... and are very sorry for how the situation was handled , '' a woman says . </t> <t> sedway was in hawaii in time to celebrate her 14th wedding anniversary . </t>
<t> the defense has rested 131 witnesses to support the claim that odin lloyd was killed . </t> <t> hernandez is on trial for the shooting death of odin lloyd in june 2013 . </t>
<t> gayle lemmon : guatemala , syria , egypt , egypt have been condemned for brutal violence . </t> <t> she says the horrific abuses are committed by women and women , but it 's not enough . </t>
<t> durst , 71 , is accused of possessing a .38 caliber revolver , authorities say . </t> <t> he faces a maximum of 10 years in prison if found guilty of that charge . </t>
<t> walter mosley : ferguson police department has charged with engaging in pattern and racial discrimination . </t> <t> he says the department of justice will begin to negotiate in the next few weeks . </t>
<t> the family is hopeful for a full recovery , the family 's attorney says . </t> <t> the mother , theresa devine , was treated at a hospital and is in occupational therapy . </t> <t> the use of the pesticide is restricted in the united states because of its toxicity . </t>
<t> oliver minatel was sleeping on air canada flight 8623 when he felt something around his neck . </t> <t> the incident occurred about a half-hour before the flight landed . </t> <t> the suspect was escorted off the plane . </t>
<t> the university of virginia has never expelled a single student for sexual assault . </t> <t> uva 's attorney general says it 's investigating how it handles sexual assault on campus . </t>
<t> rory mcilroy leads the masters by three shots . </t> <t> shoots five-under par to finish six under par . </t> <t> phil mickelson leads the field by four shots . </t> <t> justin rose leads pga championship by one shot . </t>
<t> `` star wars '' would be released on digital hd at the end of the week . </t> <t> mindy kaling 's brother says he posed as a black man years ago to get into medical school . </t>
<t> in-store displays with a 10-inch-diameter hole will rule out anything too ridiculously large . </t> <t> customers can fill their `` cup '' of choice for $ 1.49 , the average cost of a medium slurpee . </t>
<t> `` ha deanate , aero squadron , usa , is plain and stark , '' another says . </t> <t> `` this is a treasure trove , '' photographer jeff gusky says . </t> <t> the underground city dates back centuries but was sealed up in the 18th century . </t>
<t> loretta lynch is the first african-american attorney general in recent history . </t> <t> the senate judiciary committee cleared the committee february 26 by a vote of 12-8 . </t> <t> lynch is currently the u.s. attorney for the eastern district of new york . </t>
<t> the lamborghini 's passenger , gary terry , died at the scene , florida highway patrol says . </t> <t> the driver of the lamborghini lost control of the vehicle , the highway patrol said . </t>
<t> meg urry : this year is the 20th anniversary of the discovery of a planet around a star like our own sun . </t> <t> urry : life on earth developed in its oceans about a billion years after the planet formed . </t>
<t> bob greene : last weekend 's raid in the heart of the city 's jewelry district feels like it has been taken from a movie like `` ocean 11 '' </t> <t> he says the gang did n't follow the current criminal trend of digits in cyber space . </t>
<t> yarmouk was formed in 1957 to accommodate people displaced by the arab-israeli conflict . </t> <t> there have been widespread reports of malnutrition and shortages of medical care . </t> <t> yarmouk remains under the control of armed groups , including 3,500 children . </t>
<t> `` not gon na lie , i shed a few tears at the end of furious 7 , '' one woman says . </t> <t> the movie 's makers chose to `` retire paul 's character in the most sincere and elegant way '' </t>
<t> danny cevallos : divorce papers are an industry and its own body of law premised on one guiding principle . </t> <t> he says it turns out people do n't like being sued . </t>
<t> the stars have teamed together for a video backing the show 's co-creator with a #savetwinpeaks campaign that says doing the revival without lynch is `` like pies without , '' among other nods to the original drama series . </t> <t> showtime already had a deal in place with lynch and co-creator mark frost to bring back the cult hit with kyle maclachlan for a run in 2016 . </t>
<t> selena , who died 20 years ago , is coming back in a big way : `` by no means is this something that 's going to be coming out '' </t> <t> selena will be the first figure to use the acrovirt technology . </t>
<t> the illness has also affected five members of the 964-person crew . </t> <t> the infinity left san diego on march 29 . </t> <t> the ship was built in 2001 and refurbished in 2011 . </t>
<t> five chinese feminists face up to five years in prison over campaign for gender equality . </t> <t> lawyer for one of the women , wei tingting , says police recommended on april 6 . </t>
<t> daniel boykin is sentenced to six months in jail for videotaping a female co-worker . </t> <t> police found 90 videos and 1,500 photos of the victim on boykin 's phone and computer . </t> <t> boykin plead guilty to unlawful photography , aggravated burglary and violation of the computer act . </t>
<t> the debris is suspected to be from the earthquake and tsunami that hit japan on march 11 , 2011 . </t> <t> biologists with the oregon coast aquarium and oregon state university inspected the debris . </t>
<t> cuba pulled off a diplomatic coup by marshaling the support of other regional countries . </t> <t> for the first time since 1962 , the u.s. has not blocked cuba 's attempt to join . </t> <t> cuba 's attempts to rebrand itself as an open , diverse society says . </t>
<t> isis says it launched an assault on the baiji oil refinery late saturday . </t> <t> the refinery is just 40 kilometers from the northern iraqi city of tikrit . </t> <t> iraqi security officials denied that claim and insisted iraqi forces remain in full control . </t>
<t> ryan calhoun and delonte martistee were arrested and charged with sexual battery . </t> <t> the video was turned over to the bay county sheriff 's office . </t> <t> the two men are current students . </t>
<t> `` there could be a person in there so we 're going to come back around , '' airline says . </t> <t> the banging in the cargo hold did come from a person and he turned out to be a ramp agent . </t>
<t> walter scott was shot and killed by a police officer in north charleston , south carolina . </t> <t> the artwork was taken up as an icon of the black lives matter movement . </t> <t> hyman dug into the trash and found a piece of wood that was the perfect size . </t>
<t> a u.s. rc-135u was flying over the baltic sea when it was intercepted by a russian flanker . </t> <t> the pentagon says the incident occurred in international airspace north of poland . </t>
<t> police say a quadriplegic with cerebral palsy was left lying in the woods of philadelphia 's cobbs creek park . </t> <t> the man is unable to communicate how he came to be in the park , but did not identify for cnn . </t>
<t> obama says he is `` absolutely committed to making sure '' israel maintains military advantage over iran . </t> <t> tehran agreed to halt nuclear ambitions and would drop sanctions that have hurt iran 's economy . </t>
<t> boko haram has kidnapped more than 300 schoolgirls since april 2014 . </t> <t> the girls were abducted by a jihadist group in northeastern nigeria . </t> <t> nigeria has been closed for a month because of the danger posed by militants . </t>
<t> nyia parler , 41 , is charged with aggravated assault , endangering another person . </t> <t> police say she left her son in the woods while she hopped a bus to see her boyfriend . </t> <t> she was found `` lying in leaves , covered in a blanket with a bible and a wheelchair , '' police say . </t>
<t> kansas gov. sam brownback : `` knowingly dismembering a living unborn child and extracting unborn child one piece at a time from the uterus '' </t> <t> the law does not spell out a specific time frame that limits when an abortion can occur , but it bans the dilation and evacuation procedure commonly used during the second trimester of pregnancy . </t>
<t> police say nyia parler , 41 , left her son in the woods while she hopped a bus to see her boyfriend . </t> <t> she was found `` lying in leaves , covered in a blanket with a bible and a wheelchair , '' police say . </t>
<t> american-based jia , a project he launched after he quit his six-figure job to follow his dreams of being an entrepreneur . </t> <t> jiang was offered jobs as his project continued and his fame grew . </t>
<t> more than 25,000 people have not survived , but life will never be the same . </t> <t> the intensity of the largest ebola epidemic has died down , and the initial dire predictions that there would be over a million infections by january never came true . </t>
<t> the baby was a bit tardy , going past his due date by more than a week . </t> <t> dillard has a ways to go to catch up with her mother . </t>
<t> cnn situation room correspondent brian todd and khalil abdallah were on their way to interview a legal analyst on l street . </t> <t> a man gave up his umbrella for the cause `` while the mom was going crazy , '' abdallah said . </t>
<t> ron lane 's relatives say he was a longtime employee and school 's print operator . </t> <t> he was found sleeping on a beach , about 550 miles -lrb- 885 kilometers -rrb- from goldsboro . </t> <t> investigators are looking into whether he is part of a white supremacist gang . </t>
<t> richie benaud was inducted into the sport australia hall of fame in 1985 . </t> <t> he died at the age of 84 after being treated for skin cancer . </t> <t> benaud worked as cricket 's most famous broadcaster . </t>
<t> the cape verde islands are home to a greater number of musicians per square kilometer than any other country in the world . </t> <t> cape verde has long been a key location for the transatlantic slave trade . </t>
<t> the migrants were picked up 30 miles off the coast of libya , the coast guard says . </t> <t> at least 480 migrants have died while crossing the mediterranean since the beginning of the year . </t>
<t> `` double falsehood '' was written more than a century earlier by shakespeare himself with help from his friend . </t> <t> the findings were published this week by two scholars who used computer software to analyze the writings of the men . </t> <t> the play 's first half was almost entirely written by shakespeare , though the second half appeared to be split evenly between shakespeare and fletcher . </t>
<t> the government is tracking the finances of people suspected of ties to al-shabaab . </t> <t> the government has frozen 86 accounts , but that number could go up . </t> <t> kenya has a list of suspects from various parts of the country . </t>
<t> paddy power is backtracking after tweeting that newcastle have suffered more kop beatings . </t> <t> the tweet has been deleted but its removal did little to placate social media users . </t> <t> paddy power attracted headlines after backing david ginola 's failed candidacy . </t>
<t> malala yousafzai was gravely wounded by a taliban gunman for promoting the right of girls ' to go to school . </t> <t> it took a meticulous medical response to save her life more than two years ago . </t>
<t> <unk> <unk> : women 's day against sexual harassment in china will be revealed by april 13 . </t> <t> she says women 's rights are human rights ; women must be treated as `` babes '' </t>
<t> jodi arias was sentenced to life in prison monday for the 2008 murder of her ex-boyfriend travis alexander . </t> <t> arias was found guilty of first-degree murder in may 2013 . </t>
<t> attorney general eric holder does n't mention specific cases of federal agents and prostitution . </t> <t> the directive comes a few weeks after a justice department report found dea agents attended sex parties with prostitutes . </t>
<t> hillary clinton will be the barometer by which we assess gender equality in the united states . </t> <t> dean obeidallah : the march will end right there . </t> <t> he says clinton is no ordinary female presidential candidate . </t>
<t> ruben navarrette : south carolina police officer michael slager was shot dead by police . </t> <t> he says the law has never been implemented in the past 20 years . </t> <t> he says federal justice department has stepped up efforts to solve the issue . </t> <t> navarrette : the law affords liberties by failing to respond to police shootings . </t>
<t> danny cevallos : nashville banned prosecutors from offering female in plea deals . </t> <t> he says the practice `` evokes a dark corner of american history '' where mentally ill or `` deficient '' were forced to undergo . </t>
<t> danny cevallos : emy afalava has been denied right to vote because he is no citizen . </t> <t> he says americans born on u.s. soil are denied rights of citizenship . </t>
<t> frida ghitis : jurors found dzhokhar tsarnaev guilty of all counts in boston marathon bombing . </t> <t> ghitis : there could be other more young men just like him , which means we take from boston . </t>
<t> apple released a new version of its mobile operating system thursday . </t> <t> jay parini : emojis are far more than ever when it comes to the race , ethnicity and sexual orientation . </t>
<t> danny cevallos : video of michael slager firing eight shots at walter scott seems to plant an item next to his body . </t> <t> he says people are skeptical of self-defense claims . </t>
<t> pentagon releases map showing coalition forces have taken back 25-30 % of iraqi territory seized by isis . </t> <t> map shows gains in key central and northern areas of iraq where terror group was previously dominant force . </t> <t> cnn asked ashraf : `` what does it say about the wider fight against isis ? '' </t>
<t> the sisters were born in the somali capital but were forced to flee after war broke out in 1991 . </t> <t> their new album means `` faith '' and `` arrow '' to talk about music , aspirations and somalia . </t>
<t> yarmouk , syria 's civil war , has been engulfed in the conflict since 2012 . </t> <t> the syrian government responded by unleashing a bombing and shelling campaign on the area . </t> <t> many syrians are trapped in the area , but many are still trapped . </t>
<t> `` the bible '' is one of six shows to watch this week . </t> <t> the full miniseries will run for 12 weeks , so consider it a spring revival . </t>
<t> iron man , captain america , hulk and the rest are joining the cast in the `` avengers : age of ultron '' </t> <t> marvel studios put all speculation to rest with a poster featuring bettany as the heroic android . </t>
<t> aaron hernandez was convicted of first degree murder and sentenced to life in prison . </t> <t> he played football for the boston bandits , the oldest semi-pro team in boston and the winner of four championships . </t> <t> his mother , uncle and cousin described him as a champion of family , a gifted athlete and a hard worker with a sense of humor . </t>
<t> michael <unk> : u.s. tax system is biased against two-worker marriages . </t> <t> he says u.s. income tax system has become a happy spending spree for most americans . </t> <t> he says tax system needs to be more effective than those in the u.s. </t>
<t> aaron hernandez is accused of killing two men and wounding another person in 2012 . </t> <t> the trial was originally slated for may 28 , but no new date had been set . </t>
<t> donna brazile : mark the 150th anniversary of abraham lincoln 's death this week . </t> <t> she says lincoln 's two greatest union and irreversible emancipation grew up in the mississippi river . </t> <t> she says the union is older than any of the states , but it 's not well adapted for two . </t>
<t> ringling bros. center for elephant conservation sits on 200 acres of land in central florida . </t> <t> elephants currently live here and 13 more will join the group by 2018 . </t> <t> the change comes after years of lawsuits by animal rights groups . </t>
<t> arsenal beat burnley 1-0 at turf moor to stay top of epl season . </t> <t> aaron ramsey scores only goal of the game for arsenal . </t> <t> chelsea have two games in hand and play lowly queens park rangers . </t>
<t> `` orphan black '' remains one of the most critically acclaimed shows on tv . </t> <t> tatiana maslany has taken on at least six roles on the show so far . </t> <t> `` we 're excited by getting to sort of further things , '' she says . </t>
<t> channing tatum 's `` boyhood '' / hpv joke to nearly flashing j.k. simmons to her run-in with cancer support group . </t> <t> channing tatum is doing his thing : `` why are n't you dancing ? '' </t>
<t> blind attorney matt murdock 's nights are consumed with cleaning up the new york neighborhood of hell 's kitchen . </t> <t> netflix has a `` house of cards '' - like hit on its hands ? </t>
<t> alyssa milano was on a trip with her husband that she described in an earlier tweet as a `` romantic getaway '' </t> <t> milano said the cooler the milk was in was also confiscated . </t>
<t> cynthia lennon died wednesday at her home in mallorca , spain . </t> <t> her son , julian lennon , was at her bedside throughout . </t> <t> john and cynthia lennon were married for six years from 1962 to 1968 . </t>
<t> `` amy : the girl behind the name '' features early footage of winehouse talking about her music career . </t> <t> winehouse died from alcohol poisoning on july 23 , 2011 . </t> <t> she seeks to `` truly capture not just the great artist that she was , '' she says . </t>
<t> the case of ray gricar has become one of the most intriguing and talked about missing persons . </t> <t> investigators have taken dives to the bottom of lakes , but no one has been able to find the veteran district attorney . </t>
<t> the death penalty is on the table . </t> <t> dzhokhar tsarnaev and his brother tamerlan were killed in a shootout with police . </t> <t> the jury will begin deliberating his punishment next week . </t>
<t> judge : `` do not attend the boston marathon or any gatherings related to the anniversary or the current running of boston marathon '' </t> <t> dzhokhar tsarnaev 's lawyers never disputed that their client was at the scene of the bombings . </t>
<t> new : at least 63 students have been discharged , the university says . </t> <t> the university of nairobi students are terrified of being targeted . </t> <t> al-shabaab slaughtered 147 people at a college in garissa , kenya . </t>
<t> tokyo electric power company -lrb- tepco -rrb- deployed the robot on friday . </t> <t> it stopped moving inside one of the damaged reactors that had suffered a meltdown following a devastating earthquake and tsunami in 2011 . </t>
<t> tulsa county reserve deputy robert bates is charged with second-degree manslaughter . </t> <t> he surrendered tuesday morning , accompanied by his attorney , clark brewster and immediately posted bail of $ 25,000 . </t>
<t> tourists and locals line up around the block for several hours to get their hands on jenny 's cookies at $ 9 a tin . </t> <t> the original store has signs warning against buying ` fake ' cookies . </t> <t> food mania has erupted , winning people 's hearts and stomachs only to fizzle out in a few months . </t>
<t> the reinforcements come four days after isis began attacking northern iraq 's baiji oil refinery . </t> <t> the additional troops came from camp speicher , a fortified iraqi base near tikrit . </t> <t> the attack could have a significant effect if it damages oil fields or machinery . </t>
<t> brett mcgurk : `` this is a problem that is off the charts historically '' </t> <t> he says the u.s.-led coalition has focused attention on iraq and syria . </t> <t> al-abadi : `` we have a lot of tools to protect ourselves and our national interests '' </t>
<t> a saudi general says the raids aim to keep the rebels from moving toward southern yemen . </t> <t> three saudi military officers were killed and two others were wounded in the shelling . </t>
<t> qassim is one of the busiest waterways in the world , a thoroughfare for oil tankers and cargo ships . </t> <t> she has n't been able to reach them and the worry she is almost unbearable . </t>
<t> new : the bus was heading to the central nigerian city of jos , 125 kilometers away . </t> <t> new : `` some of the injured have had their limbs blown off , '' a woman says . </t> <t> boko haram has repeatedly carried out suicide and bombing attacks on bus stations . </t>
<t> john t. booker jr. was charged with failing to report a felony . </t> <t> he was due to ship out to basic training april 7 , 2014 , complaint says . </t>
<t> thousands of yazidis live within hearing distance of one of iraqi kurdistan 's frontlines . </t> <t> the islamist militants separated the young women and girls to be sold as sex slaves . </t> <t> `` we 're told that women who have just given birth or are considered impure , '' she says . </t> <t> `` we are going to marry you off , you will forget your family , '' hanan says . </t>
<t> muhammadu buhari says he 'll `` rapidly give attention '' to nigeria 's instability . </t> <t> the opposition defeated the ruling party in democratic elections . </t> <t> buhari : `` i thank all nigerians once again for the great opportunity i was given to lead this country '' </t>
<t> hillary clinton is planning to launch her presidential candidacy on sunday . </t> <t> the campaign 's purpose is to give every family , and every american path to lasting prosperity . </t> <t> the document also appears to telegraph the name to clinton 's campaign : `` we are never afraid to lose , we always outcompete and fight for every vote we can win '' </t>
<t> isis has taken the east of the city , the only safe route from baghdad to anbar province . </t> <t> the deputy chief of the provincial council says isis is `` not accessible '' </t> <t> he says he is responding to syrian civil war with isis . </t>
<t> a swarm of asian carp emerged from the water and went on the attack . </t> <t> team member devin patel : `` the fish was flopping on my legs . it was so slippery that i could n't get a grip on it '' </t>
<t> gloria borger : white house insists it does n't need congressional approval for iran nuclear deal . </t> <t> she says the deal would still be a mistake to move forward with the deal as an executive-based agreement . </t>
<t> paltrow will be spending just under $ 30 for groceries . </t> <t> the #foodbanknycchallenge is an attempt to live on a food stamp budget for one week , which translates to $ 1.38 per meal . </t>
<t> gov. nathan deal will legalize low-thc cannabis oil for certain `` medication-resistant epilepsies '' </t> <t> the bill is dubbed haleigh 's hope act . </t> <t> haleigh has been the face of the bill . </t>
<t> lady antebellum singer hillary scott 's tour bus caught fire on interstate 30 . </t> <t> smoke and flames poured from the rear of the bus as traffic slowed to crawl . </t> <t> barnett decided to stop filming because he did n't know what to expect . </t>
<t> six people , including one civilian , were killed when a car bomb exploded near the police station . </t> <t> the attacks come as the military announced a reshuffle of senior military positions . </t>
<t> carolina sandretto focuses on `` solares , '' the crumbling buildings that most visitors to the island bring back home . </t> <t> building did not keep pace with the population , and cubans were forced to adapt by dividing and re-dividing up homes to make room . </t>
<t> the bill includes a two-year extension of a popular children 's health insurance program . </t> <t> the issue of payments to medicare providers has been a thorny issue for years . </t>
<t> roxy walsh was snorkeling at finn 's beach in bali when he lost the ring . </t> <t> the langleys are fellow australians , living in the town of noosa , just three hours from where walsh lives in palm beach . </t>
<t> currently parents can choose to opt out of vaccinations for medical or religious reasons . </t> <t> under the new `` no jab , no pay '' policy , the exemption will be removed starting january 2016 . </t>
<t> michael <unk> : president obama has had some unhappy experiences at hemispheric summits . </t> <t> he says u.s. has been losing ground in latin america to a chance of improving ties . </t>
<t> u.s. military is n't the only contingent of western forces in iraq , whipping often ill-equipped government troops into shape . </t> <t> some organizations have set up recruitment drives for foreign fighters complete with checklists of what to bring and advice . </t>
<t> gaioz nigalidze 's opponent grew suspicious when nigalidze kept bolting to the restroom . </t> <t> the chess grandmaster has been banned from the dubai open chess tournament . </t> <t> the infraction has been reported to the international chess federation . </t>
<t> hln 's #meforreal is an uplifting , revealing conversation about the way we present ourselves online . </t> <t> the internet is always quick to dish out judgmental opinions , such as the body-hate people showed to singer p!nk after she posted a photo of herself in a black dress . </t>
<t> new : tulsa county sheriff 's office denies the allegations . </t> <t> new : a sheriff 's spokesman says he is skeptical about the case . </t> <t> the tulsa county deputy is accused of killing a suspect in a sting operation . </t>
<t> a new jersey auction house has removed items from its april 17 event . </t> <t> the items are crafts and artifacts made by japanese-americans confined to world war ii internment camps . </t> <t> the auction house says it hopes the controversy will be the beginning of a discourse on this issue . </t>
<t> v. stiviano says donald sterling used the couple 's money to buy a ferrari , two bentleys . </t> <t> shelly sterling was thrilled with the decision , her lawyer says . </t>
<t> thabo sefolosha says police caused his leg injury when he was arrested . </t> <t> sefolosha suffered a fractured fibula and ligament damage . </t> <t> the hawks enter as the top seed in the nba 's eastern conference . </t>
<t> `` it 's a very big decision to make , and every one of us ... made sure we came to the best conclusion , '' one juror says . </t> <t> `` it was hard ... for everyone , '' a juror says . </t>
<t> the iranian-american will be tried soon on espionage , tehran 's chief justice says . </t> <t> the state department also reacted with term `` absurd '' after hearing of reports in iran 's press . </t>
<t> al qaeda says two of its leaders , known as ustad ahmad farooq and qari abdullah mansur , were killed in cia drone strikes in january . </t> <t> al qaeda 's south asia branch is relatively new , announced with some fanfare back in september . </t>
<t> the u.n. security council voted in favor of an arms embargo . </t> <t> it also demands the shiite group pull back and refrain from violence . </t> <t> saudi arabia has led a coalition that is conducting airstrikes on targets . </t>
<t> the girl has been using technology on social media interacting with strange people . </t> <t> police and airport security located the girl on a johannesburg-bound flight . </t> <t> australia teens suspected of trying to join isis stopped at airport . </t>
<t> isis logos and markings could be seen on social media accounts , director says . </t> <t> the outage began around 10 p.m. time , and network teams were still working to restore service . </t>
<t> marion `` straight outta compton '' knight will stand trial on one count of attempted murder . </t> <t> knight is accused of running over two men , killing one of them . </t>
<t> tulsa county sheriff 's deputy accused of manslaughter in death of eric harris . </t> <t> sheriff 's office finds itself fending off allegations that supervisors were told to forge ' training records . </t> <t> attorney : `` i have it in writing , '' but that is not the only one under scrutiny . </t>
<t> south african police services say more than 10,000 people attended march . </t> <t> hashtags are pouring out of south africa , but many are asking , some via twitter . </t> <t> south africa has seen a rise in violence in recent years . </t>
<t> new : the suspect is the third suspect seen in the video of the rape , police say . </t> <t> new : a sheriff 's office says the suspect was arrested in the case . </t> <t> new : authorities are searching for a suspect in the alleged rape . </t> <t> the suspect has been released after posting $ 50,000 bond . </t>
<t> more than 130 californians have been reported to have died since december . </t> <t> the outbreak began with dozens of visitors to disney theme parks in the state . </t> <t> it can cause deadly health complications , including pneumonia and sneezing . </t>
<t> `` furious 7 '' hits theaters friday , months after controversy was stirred about the lack of diversity . </t> <t> director alejandro gonzalez iarritu went on to win best director for `` birdman '' </t>
<t> a natural gas line explosion sparked a fire that roared like a jet engine . </t> <t> there were 10 inmates near the blast site who were also injured . </t> <t> the most serious injuries were suffered by a group of inmates who were assigned to maintenance . </t>
<t> `` batman v. superman : dawn of justice '' will be released on march 25 , 2016 . </t> <t> the trailer begins with a commentator 's voice asking , `` is it really surprising that the most powerful man in the world should be a figure of controversy ? '' </t>
<t> charles inman could not bear to see his 62-year-old ward land back on the street . </t> <t> he hit it big thanks to the social security administration , and a case worker determined to untangle major bureaucracy . </t>
<t> dr. anthony moschetto pleads not guilty to criminal solicitation , burglary , arson . </t> <t> he was released after posting $ 2 million bond and surrendering passport . </t> <t> two other men were named as accomplices , prosecutors say . </t>
<t> kenneth morgan stancil iii is accused of killing an employee at wayne community college . </t> <t> he was found sleeping on a florida beach tuesday . </t> <t> investigators are looking into whether the shooting was a hate crime . </t>
<t> `` the secretary of defense and i will work tirelessly to ensure your loved one 's remains will be recovered , '' the defense department says . </t> <t> the uss oklahoma sank when it was hit by torpedoes on december 7 , 1941 . </t>
<t> yarmouk has suffered what can only be described as indignities . </t> <t> the syrian conflict is the individual lives at the heart of the camp that make the imperative for humanitarian action . </t>
<t> new : president uhuru kenyatta is in command of an al-shabaab militia based near kenya 's long , border with somalia . </t> <t> the islamist militant group , who are allied with al qaeda , have been waging a bloody campaign for control of somalia . </t> <t> the kenyan interior ministry has said at least one of the four gunmen carried out the attack . </t>
<t> the u.s. consulate was the target of the attack , isis says . </t> <t> at least four people were killed and 18 injured , police say . </t> <t> security personnel fired at the car , which exploded but did not reach the consulate . </t>
<t> the vatican has walked the line between spiritual and worldly for centuries . </t> <t> more than 1 million armenians died at the hand of the turks . </t> <t> the church 's moral and political clout have combined to pack a powerful punch . </t>
<t> `` star wars : the force awakens '' unveiled a two-minute trailer for the upcoming movie . </t> <t> harrison ford shows up with chewbacca at the end , you can almost hear the internet 's collective squeals . </t> <t> ronson told cnn : `` it 's so corrosive to create that kind of society '' </t>
<t> more than 100,000 yemeni civilians have fled their homes since fighting began . </t> <t> the main terminal at el rahaba airport is under the control of the houthi rebels . </t> <t> unicef hopes there will be just enough time to deliver vital food and supplies . </t>
<t> adrian peterson will be reinstated as an active player by the nfl , the league says . </t> <t> peterson played in one game last season , a 35-6 win against st. louis in september . </t> <t> he has been unhappy with how the vikings have handled the matter . </t>
<t> robert bob bates was part of a group of deputies trying to arrest eric harris , 44 . </t> <t> police say harris sold undercover officers a pistol . </t> <t> harris died at a local hospital and his cause of death is under investigation . </t>
<t> `` anne of green gables '' producer kevin sullivan : `` it 's a real tragedy to see someone at age 48 go like that '' </t> <t> crombie played by megan blythe , who is sent to live on a farm in prince edward island . </t>
<t> robert bates fatally shot a man he meant to subdue with a taser , his lawyer says . </t> <t> bates ' training has become a central issue in the case . </t>
<t> authorities also handled 115,000 drug-related crimes during a six-month anti-drug campaign . </t> <t> the figures were nearly double the same period a year earlier . </t> <t> the ministry rewarded 60 units and 100 people . </t>
<t> tomasz lazar spent hours photographing and interviewing adults who were ripped from their homes . </t> <t> some were sent to prison camps in the frozen wilderness of central russia . </t> <t> `` it was very traumatic for them , '' he said . </t>
<t> michael hayden : most airline pilots have an above average ability to compartmentalize personal problems . </t> <t> he says stress issues may manifest as depression is treatable . </t> <t> hayden : flying is one of the purest forms of aviation . </t>
<t> <unk> <unk> : women in mumbai have been harassed , intimidated and harassed . </t> <t> she says women suffer from stress , mental health and mental health issues . </t> <t> she says india 's lack of diversity in women is rooted in fear of harassment . </t>
<t> peter bergen : al-shabaab is a somali nationalist , islamist group affiliated with al qaeda . </t> <t> he says the attacks are to protest the more than 3,500 kenyan soldiers participating in the african union peacekeeping mission . </t>
<t> jack white will wrap his touring efforts in support of `` lazeretto '' </t> <t> the shows will be unannounced until day-of-show , with tickets priced at $ 3 and limited to one ticket per person . </t>
<t> michelle maclaren is leaving the `` wonder woman '' movie -lrb- the hollywood reporter first broke the story . </t> <t> maclaren will appear in `` batman v. superman : dawn of justice '' </t>
<t> `` the big bang theory '' is co-writing the script for a pilot presentation that sources say could be unspooled at may 's upfront to advertisers . </t> <t> the presentation is set to film next weekend on the disney lot in burbank with some of the original performers returning . </t>
<t> etan patz disappeared at age 6 , hardly anyone in america could help but see his face . </t> <t> a new york jury will again deliberate over a possible verdict against the man charged in his killing . </t> <t> his lawyer says he is mentally challenged and unable to discern whether he committed the crime . </t>
<t> abdirahman sheik mohamud pleads not guilty to charges of providing material support to terrorists . </t> <t> he was remanded into custody on friday . </t> <t> he allegedly traveled to syria for training and wanted to return home to kill americans . </t> <t> `` i am confident in the system working fairly and -lrb- in -rrb- our client getting a vigorous defense , '' his lawyer says . </t>
<t> the 128 parks charge a fee -- like yellowstone and yosemite -- will be free those two days . </t> <t> the park service wants people to share their stories using the hashtag #findyourpark . </t>
<t> nicole , 30 , is n't alone in her struggles . </t> <t> she says the u.s. is in the midst of an affordable housing crisis . </t> <t> she says investing in housing is key to recovery efforts . </t>
<t> eric liu : public outrage over `` religious freedom '' bills passed in arkansas and indiana . </t> <t> liu : companies with no previous record of public support for social equality . </t>
<t> julian zelizer : sen. elizabeth warren is n't going to slack off on calls for breaking up banks . </t> <t> he says democrats are planning to take on the big issue of economic inequality . </t>
<t> a jury of rolling stone 's media peers dissected the magazine 's disastrous , devastating report . </t> <t> it registered 2.7 million hits following its publication in november -- more than any noncelebrity story in the history . </t> <t> the story began to almost immediately when washington post reporter t. rees took a closer look . </t>
<t> jon cryer 's record-store dance to otis redding 's `` try a little tenderness '' </t> <t> cryer , who has most recently appeared on `` two and a half men , '' dances in tandem with host james corden . </t>
<t> debra lobo , a california native , was shot in the cheek and left arm , police say . </t> <t> lobo is being treated at karachi 's aga khan hospital . </t>
<t> the fighting in yemen is dying down or that lives there are being saved , the world health organization says . </t> <t> saudi arabia has launched more than 1,200 airstrikes in yemen . </t>
<t> ines dumig , a somali refugee , left her home at 14 years old . </t> <t> she met sahra through a photo workshop at refugio , a shelter in munich , for refugees and torture victims . </t> <t> dumig : `` apart together '' serves not only as a documentation of sahra . </t>
<t> the boys , 16 and 14 , were in critical condition at a philadelphia hospital . </t> <t> the family was airlifted to hospitals in the united states . </t> <t> the family is now in occupational therapy . </t>
<t> a police car slammed into mario valencia in a move that ended a crime spree . </t> <t> valencia was hospitalized within a few days transferred to jail where he faces 15 charges . </t>
<t> jarret stoll was charged with possession of controlled substances , including cocaine and ecstasy . </t> <t> he was released from the clark county detention center late friday on $ 5,000 bail . </t>
<t> iraqi refugee camp opened six months ago , made up of 4,000 tents and counting . </t> <t> thousands of yazidis now call this corner of the camp 's occupants . </t> <t> `` they took our phones , money , '' ahlam says . </t>
<t> maggie doyne is a founder of the blinknow valley school in nepal . </t> <t> she met women and children who were suffering , struggling to survive . </t> <t> doyne says she and her family have been together for two years . </t>
<t> espn suspended britt mchenry for a week after a video of her berating a company employee . </t> <t> mchenry : `` i am so sorry for my actions and will learn from this mistake '' </t>
<t> dr. sanjay gupta wanted to provide some insight into the science behind it . </t> <t> gupta : medical marijuana could have an impact and how it helped to stop one young girl 's seizures . </t>
<t> tom brady announced her retirement from the catwalk last weekend . </t> <t> bundchen is the face of chanel and carolina herrera and has her own line of lingerie . </t> <t> she has been married since 2009 . </t>
<t> davion navar henry dressed up in a suit and borrowed a bible from the boys home where he lived . </t> <t> he got into a fight with one of their sons , and they sent him back to florida . </t>
<t> more than 300 suspects arrested in connection with deadly attacks on foreigners . </t> <t> attacks in durban killed two immigrants and three south africans , including a 14-year-old boy . </t> <t> president jacob zuma has canceled a trip to indonesia and displaced foreign nationals . </t>
<t> the group of friends , ages 19 to 21 , were arrested sunday . </t> <t> `` they were not easily influenced . these are focused men who are intent on joining a terrorist organization , '' prosecutors say . </t>
<t> jason warnock was driving through a canyon in idaho when he saw the tree . </t> <t> the yukon and its driver , matthew sitko , were in shock . </t> <t> warnock said he was `` like , i got ta do something and no one was doing anything '' </t>
<t> joy womack , 15 , is taking part in her first ballet class of the day at the kremlin ballet theatre . </t> <t> she left her parents and eight brothers behind when she arrived in russia six years ago . </t> <t> the bolshoi still stands by comments made at the time by its general director . </t>
<t> photographer timothy bouldry has traveled the world photographing landfills in haiti , venezuela and colombia . </t> <t> he uses large hooks to sort through the garbage , which reaches two or three stories high . </t> <t> the stork hilariously lived in the boragaon landfill in guwahati , about 300 miles from bangladesh . </t>
<t> victoria island is an exclusive neighborhood in lagos where brands like hugo boss and ermenegildo zegna line the streets . </t> <t> if the growth continues , these cities could join an existing club of african wealth hubs hosting the so-called ultra-high net worth individuals . </t>
<t> lawsuit alleges johns hopkins university and rockefeller foundation helped conduct a similar study in guatemala from 1945 to 1956 . </t> <t> orphans , psychiatric patients and prostitutes were deliberately infected , the lawsuit says . </t> <t> the lawsuit seeks more than $ 1 billion in damages , including people who were subjects in the experiments and their descendants . </t>
<t> `` star wars : episode vii -- the force awakens '' cast showed off for the audience . </t> <t> mark hamill : `` you 're more than fans . you 're family '' </t>
<t> `` real housewives of beverly hills '' star kim richards is accused of kicking a police officer . </t> <t> richards allegedly entered rehab in 2011 for `` serious issues '' after watchers deemed erratic behavior . </t>
<t> sheriff : deputies were trying to arrest eric harris when reserve deputy shot him . </t> <t> unlike bates , they are not charged with a crime , but have come under criticism for pinning harris ' head to the ground . </t>
<t> chancey allen luna was found guilty of first-degree murder in the 2013 drive-by shooting . </t> <t> luna was 16 at the time of the shooting . </t> <t> he will be formally sentenced in june . </t>
<t> japanese court issues injunction stopping plans to restart two nuclear reactors in west of the country . </t> <t> japan 's 48 nuclear reactors are offline in the wake of the fukushima disaster . </t>
<t> michael <unk> : isis has been using abu ghraib and other cases of western abuse to legitimize its current actions . </t> <t> he says the u.s. has poured money into iraq after the 2003 invasion of iraq . </t> <t> <unk> : isis is a reminder of the importance of good governance in the pursuit of a solution to unrest . </t>
<t> president obama joined u.s. surgeon general dr. vivek murthy as part of a discussion on climate change . </t> <t> gupta : `` we 've always known -- or at least in the 20th century we 've understood '' </t>
<t> mike rowe is coming to a river near you . </t> <t> he founded the nonprofit in 1998 at the ripe age of 23 . </t> <t> pregracke has seven bedrooms , two bathrooms , a classroom and a kitchen . </t>
<t> eric harris was sentenced to two years in prison for involuntary manslaughter . </t> <t> experts say the gun should be holstered on the officer 's dominant side of the body . </t>
<t> nitrogen causes quick loss of consciousness , death from lack of oxygen , fallin says . </t> <t> oklahoma executions put on hold while u.s. supreme court reviews use of lethal injections . </t>
<t> danny cevallos : florida 's privacy act threatens prosecution and loss of licensure for any physicians . </t> <t> he says florida 's gun law was dragged into court after the governor signed it . </t>
<t> isis claims responsibility for the attack . </t> <t> the claim appears to be the first in afghanistan by isis , cnn 's nick paton walsh says . </t> <t> the united nations condemns the violence . </t>
<t> the drugs are the biggest cocaine seizure ever carried out by french authorities . </t> <t> french customs officials seized nearly 250 kilograms -lrb- 550 pounds -rrb- of cocaine on a vessel . </t>
<t> robert kennedy jr. : autistic kids have a fever of a hundred and three months later their brain is gone . </t> <t> he says autistic people are not missing or destroyed . </t>
<t> isis claims it controlled part of the facility 's defenses , the task force says . </t> <t> the coalition conducted 47 airstrikes in the area , the council says . </t> <t> the goal was to push back isis and `` diminish its ability to threaten the security of kirkuk '' </t>
<t> `` the damage was so severe it was impossible to tell how many victims were in the vehicle , '' official says . </t> <t> josh and vanessa ellis were youth pastors at a church in puyallup , near lake . </t>
<t> tokyo electric power company -lrb- tepco -rrb- deployed the second remote-controlled robot last week . </t> <t> the robot detected lower radiation levels and temperature than expected . </t> <t> tepco says the site 's still too dangerous for workers to enter . </t>
<t> the american pharmacists association is discouraging its members from participating in executions . </t> <t> the group acted this week because of increased public attention on lethal injection . </t> <t> last month , utah gov. gary herbert signed a law firing squads as a method of execution in which lethal injection medications are not available . </t>
<t> new : the united nations ' refugee agency describes the disaster as `` a point in which they were very close '' </t> <t> the boat sank in the mediterranean over the weekend with hundreds of migrants aboard . </t> <t> the cargo ship was touched or swamped by a cargo ship , a u.n. official says . </t>
<t> hillary clinton 's first campaign video features a gay couple holding hands . </t> <t> the channel says it did n't want to break the controversial law . </t> <t> the law bans `` propaganda of nontraditional sexual relations around minors '' </t>
<t> new : al-shabaab claims responsibility for the attack . </t> <t> a car bomb exploded at a restaurant in the heart of somalia 's capital tuesday . </t> <t> al-shabaab killed at least 15 people in a bombing and gun attack in february . </t>
<t> daisy bentley , 23 , has scoured the streets of cities and towns looking for odd bits of paper . </t> <t> her quest has uncovered a fascinating , if idiosyncratic , collection of shopping lists , reminders , requests , love notes and motivational musings . </t> <t> bentley says she was inspired by her mother 's cutlery to her dead have ended up carefully preserved in her collection . </t>
<t> the italian government has cut back the naval assets dedicated to rescuing migrants . </t> <t> mare nostrum has been launched after 600 people died when two migrant ships sank in 2013 . </t>
<t> michael <unk> : gulf of mexico 's seafood industry has dissipated and communities have started to show signs of recovery . </t> <t> he says the crisis is truly unclear where all of the oil went . </t>
<t> north korea accuses mexico of illegally holding one of its cargo ships . </t> <t> the mu du bong was detained off the coast of mexico in july . </t> <t> the security council has skirted united nations sanctions . </t>
<t> peter bergen : the real boston marathon trial can begin . </t> <t> he says dzhokhar tsarnaev 's lawyers admitted to the beginning that their client participated in the attack . </t> <t> he says the case regularly lands on the front pages of our two daily newspapers . </t>
<t> heather mack , 19 , was found guilty of killing sheila von wiese-mack in august . </t> <t> schaefer was sentenced to 18 years in prison for battering von wiese-mack . </t> <t> schaefer claimed he killed his girlfriend 's mother in self-defense . </t>
<t> there were 73 passengers and eight crew members , including five cabin attendants . </t> <t> the airbus a320 may have hit an object on the runway during landing , asiana says . </t>
<t> britney and christina drake appeared less than enthused after madonna 's prolonged smooch . </t> <t> drake performed `` madonna , '' a song named for the megastar off his new mixtape `` if you 're reading this it 's too late '' </t>
<t> gisele bundchen says she wants to spend more time with her family . </t> <t> the 34-year-old is married to new england patriots quarterback tom brady . </t> <t> bundchen announced over the weekend she would be retiring from the catwalk . </t>
<t> on april 19 , 1995 , the alfred r. murrah federal building in oklahoma city was bombed by two disaffected young americans . </t> <t> as the 20th anniversary of the tragedy approaches , cnn captured video of the memorial that stands on the site today . </t> <t> cnn 's sanjay gupta looks at the history of the herb in medicine -- including its prescription by queen victoria 's doctor . </t>
<t> the april 18 accident was the deadliest incident to ever occur on mount everest . </t> <t> the deaths launched fierce debates about the enormous risks faced by sherpas . </t> <t> nepal has issued 347 permits this year to climb everest . </t>
<t> dzhokhar tsarnaev , 21 , was found guilty on every count , jury hears . </t> <t> she was shot in the hearts of the boston marathon bombing suspect , prosecutors say . </t> <t> she says she was `` the light of my life '' when she heard gunshots . </t>
<t> bishop robert finn was found guilty in 2012 of failure to report suspected child abuse . </t> <t> he was put on two years ' probation but not forced to spend time in jail or pay a fine . </t>
<t> the trailer for `` batman v. superman : dawn of justice '' premiered friday . </t> <t> bobby burns got to work on doing his own version using classic superhero footage . </t>
<t> season 3 has seen a battle for the soul of daughter paige , the return of fan favorite margo martindale and soviet agent nina getting back in the game . </t> <t> the first history channel scripted series wraps up on thursday . </t>
<t> sue and johnny storm 's father initiates the project that ends up giving the foursome powers . </t> <t> the movie is first in the rampaging-dino franchise since `` jurassic park iii '' </t>
<t> blake shelton and luke bryan were quick to point out , everything is bigger in texas . </t> <t> the 2015 acm biggest audience ever , but it 's how you celebrate half a century . </t>
<t> paul mccartney is the final beatle to be inducted as a solo act . </t> <t> yoko ono says starr is on hand as well . </t> <t> john mayer hailed his `` use me '' </t>
<t> joss whedon and goddard are named as defendants , along with lionsgate and whedon 's mutant enemy production company . </t> <t> whedon produced the script for cabin with director drew goddard , a writer on `` buffy the vampire slayer '' and a fanboy favorite in his own right . </t>
<t> mariah carey is working on the yet-untitled project . </t> <t> the '90s are so coming back . </t> <t> mariah was the queen of the 1990s , so it 's only right that she get in on the revival . </t>
<t> olivia wilde and garrett hedlund will reprise their characters from `` tron : legacy '' </t> <t> disney has been developing a sequel to `` legacy '' since the movie grossed $ 400 million . </t>
<t> freddie gray , 25 , was arrested on a weapons charge april 12 . </t> <t> he was placed inside a police van and was able to talk , police say . </t> <t> gray 's family attorney calls the allegation a `` pocket knife of legal size '' </t>
<t> vatican says pope francis may add another leg to his trip to the united states this september . </t> <t> francis played a key role in the re-establishment of diplomatic relations between cuba and the u.s. </t> <t> the vatican also hosted talks between u.s. and cuban delegations in october . </t>
<t> the deep reddish color caught seattle native tim durkan 's eye . </t> <t> the stunning sunsets were the result of raging wildfires in parts of siberia . </t> <t> parts of oregon , washington and british columbia are seeing the results of the smoke . </t>
<t> amy 's kitchen recalls more than 70,000 cases of food due to fear of listeria contamination . </t> <t> the recall is not based on the use-by dates , though the consumer is at an disadvantage . </t>
<t> dallas mavericks owner mark cuban advised fans to get screening tests without a doctor 's order . </t> <t> pepper schwartz : there are many lab tests to order on yourself : medicare 's clinical diagnostic laboratory schedule lists . </t>
<t> wang pingan locked up his mountain bike in shenzhen , china , to check out electronics markets . </t> <t> the bike had been sold twice before being recovered , police say . </t> <t> he vows to walk if he could n't be reunited with his `` old lover '' </t>
<t> saudi arabia has executed a second indonesian maid despite protests . </t> <t> karni tarsim was sentenced to death in march 2013 for killing her employer 's four-year-old child . </t> <t> she was the second indonesian worker executed by the saudis this week . </t>
<t> tony abbott caught on camera guzzling a glass of beer in seven seconds . </t> <t> the prime minister was in a pub when a group of australian rules football players invited him to have a drink with them . </t>
<t> the three have been in jail since february 22 . </t> <t> there will be no travel ban , and the men will not face deportation , he says . </t> <t> the third man is a british national who lives in the uae . </t>
<t> boko haram militants attacked cameroon for the first time in a month . </t> <t> the attackers came `` in the hundreds ... torched village in the far north region , '' spokesman says . </t>
<t> commando asked not to be identified for fear of reprisals , because he was not authorized to speak . </t> <t> al-shabaab slaughtered 147 people at the university , and the rest were security forces and campus security . </t>
